<?xml version="1.0" encoding="UTF-8"?>
<!-- Generated by org.testng.reporters.JUnitReportReporter -->
<testsuite skipped="0" hostname="C02LPKGYFH00" name="GoogleSearchTest" tests="10" failures="0" timestamp="18 Dec 2019 15:05:37 GMT" time="1.768" errors="0">
  <testcase name="googleTitleTest" time="0.027" classname="GoogleSearchTest"/>
  <testcase name="googleFeelingLuckyButtonTest" time="0.138" classname="GoogleSearchTest"/>
  <testcase name="googleSearchBox" time="0.166" classname="GoogleSearchTest"/>
  <testcase name="googleUrlTest" time="0.020" classname="GoogleSearchTest"/>
  <testcase name="googleTitleTest" time="0.048" classname="GoogleSearchTest"/>
  <testcase name="googleSearchButtonTest" time="0.440" classname="GoogleSearchTest"/>
  <testcase name="googleSearchButtonTest" time="0.128" classname="GoogleSearchTest"/>
  <testcase name="googleSearchBox" time="0.253" classname="GoogleSearchTest"/>
  <testcase name="googleUrlTest" time="0.054" classname="GoogleSearchTest"/>
  <testcase name="googleFeelingLuckyButtonTest" time="0.494" classname="GoogleSearchTest"/>
</testsuite> <!-- GoogleSearchTest -->
